[debug] [2025-06-09T18:56:55.323Z] ----------------------------------------------------------------------
[debug] [2025-06-09T18:56:55.326Z] Command:       C:\Program Files\nodejs\node.exe C:\Users\I EXPRESS\AppData\Roaming\npm\node_modules\firebase-tools\lib\bin\firebase.js deploy --debug
[debug] [2025-06-09T18:56:55.327Z] CLI Version:   14.6.0
[debug] [2025-06-09T18:56:55.327Z] Platform:      win32
[debug] [2025-06-09T18:56:55.327Z] Node Version:  v22.16.0
[debug] [2025-06-09T18:56:55.328Z] Time:          Mon Jun 09 2025 19:56:55 GMT+0100 (British Summer Time)
[debug] [2025-06-09T18:56:55.328Z] ----------------------------------------------------------------------
[debug] 
[debug] [2025-06-09T18:56:55.646Z] Field "/functions" in "firebase.json" is possibly invalid: must be object
[debug] [2025-06-09T18:56:55.648Z] Object "/functions/0" in "firebase.json" has unknown property: {"additionalProperty":"memory"}
[debug] [2025-06-09T18:56:55.648Z] Field "/functions" in "firebase.json" is possibly invalid: must match a schema in anyOf
[debug] [2025-06-09T18:56:55.654Z] > command requires scopes: ["email","openid","https://www.googleapis.com/auth/cloudplatformprojects.readonly","https://www.googleapis.com/auth/firebase","https://www.googleapis.com/auth/cloud-platform"]
[debug] [2025-06-09T18:56:55.655Z] > authorizing via signed-in user (niikoteyev@gmail.com)
[debug] [2025-06-09T18:56:55.656Z] [iam] checking project schmeg-e4eb0 for permissions ["cloudconfig.configs.get","cloudconfig.configs.update","cloudfunctions.functions.create","cloudfunctions.functions.delete","cloudfunctions.functions.get","cloudfunctions.functions.list","cloudfunctions.functions.update","cloudfunctions.operations.get","cloudsql.databases.create","cloudsql.databases.update","cloudsql.instances.connect","cloudsql.instances.create","cloudsql.instances.get","cloudsql.instances.list","cloudsql.instances.update","cloudsql.users.create","datastore.indexes.create","datastore.indexes.delete","datastore.indexes.list","datastore.indexes.update","firebase.projects.get","firebasedataconnect.connectors.create","firebasedataconnect.connectors.delete","firebasedataconnect.connectors.list","firebasedataconnect.connectors.update","firebasedataconnect.operations.get","firebasedataconnect.schemas.create","firebasedataconnect.schemas.delete","firebasedataconnect.schemas.list","firebasedataconnect.schemas.update","firebasedataconnect.services.create","firebasedataconnect.services.delete","firebasedataconnect.services.list","firebasedataconnect.services.update","firebasehosting.sites.update","firebaserules.releases.create","firebaserules.releases.update","firebaserules.rulesets.create",null]
[debug] [2025-06-09T18:56:55.659Z] Checked if tokens are valid: true, expires at: 1749498393308
[debug] [2025-06-09T18:56:55.661Z] Checked if tokens are valid: true, expires at: 1749498393308
[debug] [2025-06-09T18:56:55.664Z] >>> [apiv2][query] POST https://cloudresourcemanager.googleapis.com/v1/projects/schmeg-e4eb0:testIamPermissions [none]
[debug] [2025-06-09T18:56:55.665Z] >>> [apiv2][(partial)header] POST https://cloudresourcemanager.googleapis.com/v1/projects/schmeg-e4eb0:testIamPermissions x-goog-quota-user=projects/schmeg-e4eb0
[debug] [2025-06-09T18:56:55.666Z] >>> [apiv2][body] POST https://cloudresourcemanager.googleapis.com/v1/projects/schmeg-e4eb0:testIamPermissions {"permissions":["cloudconfig.configs.get","cloudconfig.configs.update","cloudfunctions.functions.create","cloudfunctions.functions.delete","cloudfunctions.functions.get","cloudfunctions.functions.list","cloudfunctions.functions.update","cloudfunctions.operations.get","cloudsql.databases.create","cloudsql.databases.update","cloudsql.instances.connect","cloudsql.instances.create","cloudsql.instances.get","cloudsql.instances.list","cloudsql.instances.update","cloudsql.users.create","datastore.indexes.create","datastore.indexes.delete","datastore.indexes.list","datastore.indexes.update","firebase.projects.get","firebasedataconnect.connectors.create","firebasedataconnect.connectors.delete","firebasedataconnect.connectors.list","firebasedataconnect.connectors.update","firebasedataconnect.operations.get","firebasedataconnect.schemas.create","firebasedataconnect.schemas.delete","firebasedataconnect.schemas.list","firebasedataconnect.schemas.update","firebasedataconnect.services.create","firebasedataconnect.services.delete","firebasedataconnect.services.list","firebasedataconnect.services.update","firebasehosting.sites.update","firebaserules.releases.create","firebaserules.releases.update","firebaserules.rulesets.create",null]}
[debug] [2025-06-09T18:56:57.660Z] <<< [apiv2][status] POST https://cloudresourcemanager.googleapis.com/v1/projects/schmeg-e4eb0:testIamPermissions 200
[debug] [2025-06-09T18:56:57.663Z] <<< [apiv2][body] POST https://cloudresourcemanager.googleapis.com/v1/projects/schmeg-e4eb0:testIamPermissions {"permissions":["cloudconfig.configs.get","cloudconfig.configs.update","cloudfunctions.functions.create","cloudfunctions.functions.delete","cloudfunctions.functions.get","cloudfunctions.functions.list","cloudfunctions.functions.update","cloudfunctions.operations.get","cloudsql.databases.create","cloudsql.databases.update","cloudsql.instances.connect","cloudsql.instances.create","cloudsql.instances.get","cloudsql.instances.list","cloudsql.instances.update","cloudsql.users.create","datastore.indexes.create","datastore.indexes.delete","datastore.indexes.list","datastore.indexes.update","firebase.projects.get","firebasedataconnect.connectors.create","firebasedataconnect.connectors.delete","firebasedataconnect.connectors.list","firebasedataconnect.connectors.update","firebasedataconnect.operations.get","firebasedataconnect.schemas.create","firebasedataconnect.schemas.delete","firebasedataconnect.schemas.list","firebasedataconnect.schemas.update","firebasedataconnect.services.create","firebasedataconnect.services.delete","firebasedataconnect.services.list","firebasedataconnect.services.update","firebasehosting.sites.update","firebaserules.releases.create","firebaserules.releases.update","firebaserules.rulesets.create"]}
[debug] [2025-06-09T18:56:57.667Z] [iam] error while checking permissions, command may fail: Authorization failed. This account is missing the following required permissions on project schmeg-e4eb0:

  
[debug] [2025-06-09T18:56:57.670Z] Checked if tokens are valid: true, expires at: 1749498393308
[debug] [2025-06-09T18:56:57.675Z] Checked if tokens are valid: true, expires at: 1749498393308
[debug] [2025-06-09T18:56:57.676Z] >>> [apiv2][query] POST https://iam.googleapis.com/v1/projects/schmeg-e4eb0/serviceAccounts/schmeg-e4eb0@appspot.gserviceaccount.com:testIamPermissions [none]
[debug] [2025-06-09T18:56:57.679Z] >>> [apiv2][body] POST https://iam.googleapis.com/v1/projects/schmeg-e4eb0/serviceAccounts/schmeg-e4eb0@appspot.gserviceaccount.com:testIamPermissions {"permissions":["iam.serviceAccounts.actAs"]}
[debug] [2025-06-09T18:56:58.865Z] <<< [apiv2][status] POST https://iam.googleapis.com/v1/projects/schmeg-e4eb0/serviceAccounts/schmeg-e4eb0@appspot.gserviceaccount.com:testIamPermissions 200
[debug] [2025-06-09T18:56:58.865Z] <<< [apiv2][body] POST https://iam.googleapis.com/v1/projects/schmeg-e4eb0/serviceAccounts/schmeg-e4eb0@appspot.gserviceaccount.com:testIamPermissions {"permissions":["iam.serviceAccounts.actAs"]}
[debug] [2025-06-09T18:56:58.866Z] Checked if tokens are valid: true, expires at: 1749498393308
[debug] [2025-06-09T18:56:58.867Z] Checked if tokens are valid: true, expires at: 1749498393308
[debug] [2025-06-09T18:56:58.867Z] >>> [apiv2][query] GET https://firebase.googleapis.com/v1beta1/projects/schmeg-e4eb0 [none]
[debug] [2025-06-09T18:56:59.681Z] <<< [apiv2][status] GET https://firebase.googleapis.com/v1beta1/projects/schmeg-e4eb0 200
[debug] [2025-06-09T18:56:59.682Z] <<< [apiv2][body] GET https://firebase.googleapis.com/v1beta1/projects/schmeg-e4eb0 {"projectId":"schmeg-e4eb0","projectNumber":"736464640060","displayName":"SchMeg","name":"projects/schmeg-e4eb0","resources":{"hostingSite":"schmeg-e4eb0","realtimeDatabaseInstance":"schmeg-e4eb0-default-rtdb"},"state":"ACTIVE","etag":"1_9131250f-3bd7-4db3-a229-e3bd63cf2ee5"}
[info] 
[info] === Deploying to 'schmeg-e4eb0'...
[info] 
[info] i  deploying storage, firestore, functions, hosting, remoteconfig, dataconnect, apphosting 
[info] Running command: npm --prefix "$RESOURCE_DIR" run lint
[error] 
[error] Error: functions predeploy error: Command terminated with non-zero exit code 1
